  test.c
C:\Program Files (x86)\Windows Kits\10\Include\10.0.22621.0\um\gdiplusheaders.h(33,7): error C2061: 구문 오류: 식별자 'Region'
  (소스 파일 'test.c'을(를) 컴파일하는 중)
  
C:\Program Files (x86)\Windows Kits\10\Include\10.0.22621.0\um\gdiplusheaders.h(33,7): error C2059: 구문 오류: ';'
  (소스 파일 'test.c'을(를) 컴파일하는 중)
  
C:\Program Files (x86)\Windows Kits\10\Include\10.0.22621.0\um\gdiplusheaders.h(33,14): error C2059: 구문 오류: ':'
  (소스 파일 'test.c'을(를) 컴파일하는 중)
  
C:\Program Files (x86)\Windows Kits\10\Include\10.0.22621.0\um\gdiplusheaders.h(186,7): error C2061: 구문 오류: 식별자 'FontFamily'
  (소스 파일 'test.c'을(를) 컴파일하는 중)
  
C:\Program Files (x86)\Windows Kits\10\Include\10.0.22621.0\um\gdiplusheaders.h(186,7): error C2059: 구문 오류: ';'
  (소스 파일 'test.c'을(를) 컴파일하는 중)
  
C:\Program Files (x86)\Windows Kits\10\Include\10.0.22621.0\um\gdiplusheaders.h(186,18): error C2059: 구문 오류: ':'
  (소스 파일 'test.c'을(를) 컴파일하는 중)
  
C:\Program Files (x86)\Windows Kits\10\Include\10.0.22621.0\um\gdiplusheaders.h(243,19): error C2143: 구문 오류: '{'이(가) '*' 앞에 없습니다.
  (소스 파일 'test.c'을(를) 컴파일하는 중)
  
C:\Program Files (x86)\Windows Kits\10\Include\10.0.22621.0\um\gdiplusheaders.h(244,19): error C2143: 구문 오류: '{'이(가) '*' 앞에 없습니다.
  (소스 파일 'test.c'을(를) 컴파일하는 중)
  
C:\Program Files (x86)\Windows Kits\10\Include\10.0.22621.0\um\gdiplusheaders.h(245,19): error C2143: 구문 오류: '{'이(가) '*' 앞에 없습니다.
  (소스 파일 'test.c'을(를) 컴파일하는 중)
  
C:\Program Files (x86)\Windows Kits\10\Include\10.0.22621.0\um\gdiplusheaders.h(247,63): error C2065: 'FontFamily': 선언되지 않은 식별자입니다.
  (소스 파일 'test.c'을(를) 컴파일하는 중)
  
C:\Program Files (x86)\Windows Kits\10\Include\10.0.22621.0\um\gdiplusheaders.h(248,63): error C2065: 'FontFamily': 선언되지 않은 식별자입니다.
  (소스 파일 'test.c'을(를) 컴파일하는 중)
  
C:\Program Files (x86)\Windows Kits\10\Include\10.0.22621.0\um\gdiplusheaders.h(249,63): error C2065: 'FontFamily': 선언되지 않은 식별자입니다.
  (소스 파일 'test.c'을(를) 컴파일하는 중)
  
C:\Program Files (x86)\Windows Kits\10\Include\10.0.22621.0\um\gdiplusheaders.h(256,7): error C2061: 구문 오류: 식별자 'Font'
  (소스 파일 'test.c'을(를) 컴파일하는 중)
  
C:\Program Files (x86)\Windows Kits\10\Include\10.0.22621.0\um\gdiplusheaders.h(256,7): error C2059: 구문 오류: ';'
  (소스 파일 'test.c'을(를) 컴파일하는 중)
  
C:\Program Files (x86)\Windows Kits\10\Include\10.0.22621.0\um\gdiplusheaders.h(256,12): error C2059: 구문 오류: ':'
  (소스 파일 'test.c'을(를) 컴파일하는 중)
  
C:\Program Files (x86)\Windows Kits\10\Include\10.0.22621.0\um\gdiplusheaders.h(319,7): error C2061: 구문 오류: 식별자 'FontCollection'
  (소스 파일 'test.c'을(를) 컴파일하는 중)
  
C:\Program Files (x86)\Windows Kits\10\Include\10.0.22621.0\um\gdiplusheaders.h(319,7): error C2059: 구문 오류: ';'
  (소스 파일 'test.c'을(를) 컴파일하는 중)
  
C:\Program Files (x86)\Windows Kits\10\Include\10.0.22621.0\um\gdiplusheaders.h(319,22): error C2059: 구문 오류: ':'
  (소스 파일 'test.c'을(를) 컴파일하는 중)
  
C:\Program Files (x86)\Windows Kits\10\Include\10.0.22621.0\um\gdiplusheaders.h(349,7): error C2061: 구문 오류: 식별자 'InstalledFontCollection'
  (소스 파일 'test.c'을(를) 컴파일하는 중)
  
C:\Program Files (x86)\Windows Kits\10\Include\10.0.22621.0\um\gdiplusheaders.h(349,7): error C2059: 구문 오류: ';'
  (소스 파일 'test.c'을(를) 컴파일하는 중)
  
C:\Program Files (x86)\Windows Kits\10\Include\10.0.22621.0\um\gdiplusheaders.h(349,31): error C2059: 구문 오류: ':'
  (소스 파일 'test.c'을(를) 컴파일하는 중)
  
C:\Program Files (x86)\Windows Kits\10\Include\10.0.22621.0\um\gdiplusheaders.h(364,7): error C2061: 구문 오류: 식별자 'PrivateFontCollection'
  (소스 파일 'test.c'을(를) 컴파일하는 중)
  
C:\Program Files (x86)\Windows Kits\10\Include\10.0.22621.0\um\gdiplusheaders.h(364,7): error C2059: 구문 오류: ';'
  (소스 파일 'test.c'을(를) 컴파일하는 중)
  
C:\Program Files (x86)\Windows Kits\10\Include\10.0.22621.0\um\gdiplusheaders.h(364,29): error C2059: 구문 오류: ':'
  (소스 파일 'test.c'을(를) 컴파일하는 중)
  
C:\Program Files (x86)\Windows Kits\10\Include\10.0.22621.0\um\gdiplusheaders.h(384,7): error C2061: 구문 오류: 식별자 'Image'
  (소스 파일 'test.c'을(를) 컴파일하는 중)
  
C:\Program Files (x86)\Windows Kits\10\Include\10.0.22621.0\um\gdiplusheaders.h(384,7): error C2059: 구문 오류: ';'
  (소스 파일 'test.c'을(를) 컴파일하는 중)
  
C:\Program Files (x86)\Windows Kits\10\Include\10.0.22621.0\um\gdiplusheaders.h(384,13): error C2059: 구문 오류: ':'
  (소스 파일 'test.c'을(를) 컴파일하는 중)
  
C:\Program Files (x86)\Windows Kits\10\Include\10.0.22621.0\um\gdiplusheaders.h(507,7): error C2061: 구문 오류: 식별자 'Bitmap'
  (소스 파일 'test.c'을(를) 컴파일하는 중)
  
C:\Program Files (x86)\Windows Kits\10\Include\10.0.22621.0\um\gdiplusheaders.h(507,7): error C2059: 구문 오류: ';'
  (소스 파일 'test.c'을(를) 컴파일하는 중)
  
C:\Program Files (x86)\Windows Kits\10\Include\10.0.22621.0\um\gdiplusheaders.h(507,14): error C2059: 구문 오류: ':'
  (소스 파일 'test.c'을(를) 컴파일하는 중)
  
C:\Program Files (x86)\Windows Kits\10\Include\10.0.22621.0\um\gdiplusheaders.h(651,7): error C2061: 구문 오류: 식별자 'CustomLineCap'
  (소스 파일 'test.c'을(를) 컴파일하는 중)
  
C:\Program Files (x86)\Windows Kits\10\Include\10.0.22621.0\um\gdiplusheaders.h(651,7): error C2059: 구문 오류: ';'
  (소스 파일 'test.c'을(를) 컴파일하는 중)
  
C:\Program Files (x86)\Windows Kits\10\Include\10.0.22621.0\um\gdiplusheaders.h(651,21): error C2059: 구문 오류: ':'
  (소스 파일 'test.c'을(를) 컴파일하는 중)
  
C:\Program Files (x86)\Windows Kits\10\Include\10.0.22621.0\um\gdiplusheaders.h(720,7): error C2061: 구문 오류: 식별자 'CachedBitmap'
  (소스 파일 'test.c'을(를) 컴파일하는 중)
  
C:\Program Files (x86)\Windows Kits\10\Include\10.0.22621.0\um\gdiplusheaders.h(720,7): error C2059: 구문 오류: ';'
  (소스 파일 'test.c'을(를) 컴파일하는 중)
  
C:\Program Files (x86)\Windows Kits\10\Include\10.0.22621.0\um\gdiplusheaders.h(720,20): error C2059: 구문 오류: ':'
  (소스 파일 'test.c'을(를) 컴파일하는 중)
  
C:\Program Files (x86)\Windows Kits\10\Include\10.0.22621.0\um\gdiplusheaders.h(740,7): error C2061: 구문 오류: 식별자 'Metafile'
  (소스 파일 'test.c'을(를) 컴파일하는 중)
  
C:\Program Files (x86)\Windows Kits\10\Include\10.0.22621.0\um\gdiplusheaders.h(740,7): error C2059: 구문 오류: ';'
  (소스 파일 'test.c'을(를) 컴파일하는 중)
  
C:\Program Files (x86)\Windows Kits\10\Include\10.0.22621.0\um\gdiplusheaders.h(740,16): error C2059: 구문 오류: ':'
  (소스 파일 'test.c'을(를) 컴파일하는 중)
  
C:\Program Files (x86)\Windows Kits\10\Include\10.0.22621.0\um\gdiplus.h(36,11): error C2061: 구문 오류: 식별자 'Gdiplus'
  (소스 파일 'test.c'을(를) 컴파일하는 중)
  
C:\Program Files (x86)\Windows Kits\10\Include\10.0.22621.0\um\gdiplus.h(36,11): error C2059: 구문 오류: ';'
  (소스 파일 'test.c'을(를) 컴파일하는 중)
  
C:\Program Files (x86)\Windows Kits\10\Include\10.0.22621.0\um\gdiplus.h(37,1): error C2449: 파일 범위에 '{'가 있습니다. 함수 헤더가 없는 것 같습니다.
  (소스 파일 'test.c'을(를) 컴파일하는 중)
  
C:\Program Files (x86)\Windows Kits\10\Include\10.0.22621.0\um\gdiplus.h(82,1): error C2059: 구문 오류: '}'
  (소스 파일 'test.c'을(를) 컴파일하는 중)
  
C:\Users\khho1\OneDrive\사진\바탕 화면\LLM\chatgpt(동희)\C\코드테스트\코드테스트\test.c(9,8): error C2143: 구문 오류: '{'이(가) ':' 앞에 없습니다.
C:\Users\khho1\OneDrive\사진\바탕 화면\LLM\chatgpt(동희)\C\코드테스트\코드테스트\test.c(9,8): error C2059: 구문 오류: ':'
C:\Users\khho1\OneDrive\사진\바탕 화면\LLM\chatgpt(동희)\C\코드테스트\코드테스트\test.c(10,8): error C2143: 구문 오류: '{'이(가) ':' 앞에 없습니다.
C:\Users\khho1\OneDrive\사진\바탕 화면\LLM\chatgpt(동희)\C\코드테스트\코드테스트\test.c(10,8): error C2059: 구문 오류: ':'
C:\Users\khho1\OneDrive\사진\바탕 화면\LLM\chatgpt(동희)\C\코드테스트\코드테스트\test.c(11,8): error C2143: 구문 오류: '{'이(가) ':' 앞에 없습니다.
C:\Users\khho1\OneDrive\사진\바탕 화면\LLM\chatgpt(동희)\C\코드테스트\코드테스트\test.c(11,8): error C2059: 구문 오류: ':'
C:\Users\khho1\OneDrive\사진\바탕 화면\LLM\chatgpt(동희)\C\코드테스트\코드테스트\test.c(12,8): error C2143: 구문 오류: '{'이(가) ':' 앞에 없습니다.
C:\Users\khho1\OneDrive\사진\바탕 화면\LLM\chatgpt(동희)\C\코드테스트\코드테스트\test.c(12,8): error C2059: 구문 오류: ':'
C:\Users\khho1\OneDrive\사진\바탕 화면\LLM\chatgpt(동희)\C\코드테스트\코드테스트\test.c(13,8): error C2143: 구문 오류: '{'이(가) ':' 앞에 없습니다.
C:\Users\khho1\OneDrive\사진\바탕 화면\LLM\chatgpt(동희)\C\코드테스트\코드테스트\test.c(13,8): error C2059: 구문 오류: ':'
C:\Users\khho1\OneDrive\사진\바탕 화면\LLM\chatgpt(동희)\C\코드테스트\코드테스트\test.c(26,13): error C2143: 구문 오류: ';'이(가) ':' 앞에 없습니다.
C:\Users\khho1\OneDrive\사진\바탕 화면\LLM\chatgpt(동희)\C\코드테스트\코드테스트\test.c(28,13): error C2143: 구문 오류: ';'이(가) ':' 앞에 없습니다.
C:\Users\khho1\OneDrive\사진\바탕 화면\LLM\chatgpt(동희)\C\코드테스트\코드테스트\test.c(43,17): error C2065: 'hMainWindow': 선언되지 않은 식별자입니다.
C:\Users\khho1\OneDrive\사진\바탕 화면\LLM\chatgpt(동희)\C\코드테스트\코드테스트\test.c(43,17): warning C4047: '=': 'int'의 간접 참조 수준이 'HWND'과(와) 다릅니다.
C:\Users\khho1\OneDrive\사진\바탕 화면\LLM\chatgpt(동희)\C\코드테스트\코드테스트\test.c(46,21): error C2065: 'hMainWindow': 선언되지 않은 식별자입니다.
C:\Users\khho1\OneDrive\사진\바탕 화면\LLM\chatgpt(동희)\C\코드테스트\코드테스트\test.c(46,21): warning C4047: '==': 'int'의 간접 참조 수준이 'void *'과(와) 다릅니다.
C:\Users\khho1\OneDrive\사진\바탕 화면\LLM\chatgpt(동희)\C\코드테스트\코드테스트\test.c(52,18): error C2065: 'hImageViewer': 선언되지 않은 식별자입니다.
C:\Users\khho1\OneDrive\사진\바탕 화면\LLM\chatgpt(동희)\C\코드테스트\코드테스트\test.c(53,1): error C2065: 'hMainWindow': 선언되지 않은 식별자입니다.
C:\Users\khho1\OneDrive\사진\바탕 화면\LLM\chatgpt(동희)\C\코드테스트\코드테스트\test.c(52,20): warning C4047: '함수': 'HWND'의 간접 참조 수준이 'int'과(와) 다릅니다.
C:\Users\khho1\OneDrive\사진\바탕 화면\LLM\chatgpt(동희)\C\코드테스트\코드테스트\test.c(52,20): warning C4024: 'CreateWindowExW': 형식 및 실제 매개 변수 9의 형식이 서로 다릅니다.
C:\Users\khho1\OneDrive\사진\바탕 화면\LLM\chatgpt(동희)\C\코드테스트\코드테스트\test.c(52,18): warning C4047: '=': 'int'의 간접 참조 수준이 'HWND'과(와) 다릅니다.
C:\Users\khho1\OneDrive\사진\바탕 화면\LLM\chatgpt(동희)\C\코드테스트\코드테스트\test.c(56,27): error C2065: 'hMainWindow': 선언되지 않은 식별자입니다.
C:\Users\khho1\OneDrive\사진\바탕 화면\LLM\chatgpt(동희)\C\코드테스트\코드테스트\test.c(56,16): warning C4047: '함수': 'HWND'의 간접 참조 수준이 'int'과(와) 다릅니다.
C:\Users\khho1\OneDrive\사진\바탕 화면\LLM\chatgpt(동희)\C\코드테스트\코드테스트\test.c(56,16): warning C4024: 'ShowWindow': 형식 및 실제 매개 변수 1의 형식이 서로 다릅니다.
C:\Users\khho1\OneDrive\사진\바탕 화면\LLM\chatgpt(동희)\C\코드테스트\코드테스트\test.c(57,29): error C2065: 'hMainWindow': 선언되지 않은 식별자입니다.
C:\Users\khho1\OneDrive\사진\바탕 화면\LLM\chatgpt(동희)\C\코드테스트\코드테스트\test.c(57,18): warning C4047: '함수': 'HWND'의 간접 참조 수준이 'int'과(와) 다릅니다.
C:\Users\khho1\OneDrive\사진\바탕 화면\LLM\chatgpt(동희)\C\코드테스트\코드테스트\test.c(57,18): warning C4024: 'UpdateWindow': 형식 및 실제 매개 변수 1의 형식이 서로 다릅니다.
C:\Users\khho1\OneDrive\사진\바탕 화면\LLM\chatgpt(동희)\C\코드테스트\코드테스트\test.c(67,13): error C2143: 구문 오류: ';'이(가) ':' 앞에 없습니다.
C:\Users\khho1\OneDrive\사진\바탕 화면\LLM\chatgpt(동희)\C\코드테스트\코드테스트\test.c(28,5): error C2045: 'Gdiplus': 레이블이 재정의되었습니다.
C:\Users\khho1\OneDrive\사진\바탕 화면\LLM\chatgpt(동희)\C\코드테스트\코드테스트\test.c(67,5): error C2045: 'Gdiplus': 레이블이 재정의되었습니다.
C:\Users\khho1\OneDrive\사진\바탕 화면\LLM\chatgpt(동희)\C\코드테스트\코드테스트\test.c(76,26): error C2065: 'ID_FILE_OPEN': 선언되지 않은 식별자입니다.
C:\Users\khho1\OneDrive\사진\바탕 화면\LLM\chatgpt(동희)\C\코드테스트\코드테스트\test.c(80,29): error C2065: 'pBitmap': 선언되지 않은 식별자입니다.
C:\Users\khho1\OneDrive\사진\바탕 화면\LLM\chatgpt(동희)\C\코드테스트\코드테스트\test.c(80,29): warning C4047: '!=': 'int'의 간접 참조 수준이 'void *'과(와) 다릅니다.
C:\Users\khho1\OneDrive\사진\바탕 화면\LLM\chatgpt(동희)\C\코드테스트\코드테스트\test.c(81,28): error C2065: 'delete': 선언되지 않은 식별자입니다.
C:\Users\khho1\OneDrive\사진\바탕 화면\LLM\chatgpt(동희)\C\코드테스트\코드테스트\test.c(81,28): error C2146: 구문 오류: ';'이(가) 'pBitmap' 식별자 앞에 없습니다.
C:\Users\khho1\OneDrive\사진\바탕 화면\LLM\chatgpt(동희)\C\코드테스트\코드테스트\test.c(82,25): error C2065: 'pBitmap': 선언되지 않은 식별자입니다.
C:\Users\khho1\OneDrive\사진\바탕 화면\LLM\chatgpt(동희)\C\코드테스트\코드테스트\test.c(82,34): error C2065: 'Gdiplus': 선언되지 않은 식별자입니다.
C:\Users\khho1\OneDrive\사진\바탕 화면\LLM\chatgpt(동희)\C\코드테스트\코드테스트\test.c(82,34): error C2143: 구문 오류: ';'이(가) ':' 앞에 없습니다.
C:\Users\khho1\OneDrive\사진\바탕 화면\LLM\chatgpt(동희)\C\코드테스트\코드테스트\test.c(83,28): error C2065: 'pBitmap': 선언되지 않은 식별자입니다.
C:\Users\khho1\OneDrive\사진\바탕 화면\LLM\chatgpt(동희)\C\코드테스트\코드테스트\test.c(83,30): error C2223: '->GetLastStatus' 왼쪽은 구조체/공용 구조체를 가리켜야 합니다.
C:\Users\khho1\OneDrive\사진\바탕 화면\LLM\chatgpt(동희)\C\코드테스트\코드테스트\test.c(83,56): error C2065: 'Gdiplus': 선언되지 않은 식별자입니다.
C:\Users\khho1\OneDrive\사진\바탕 화면\LLM\chatgpt(동희)\C\코드테스트\코드테스트\test.c(83,56): error C2143: 구문 오류: ')'이(가) ':' 앞에 없습니다.
C:\Users\khho1\OneDrive\사진\바탕 화면\LLM\chatgpt(동희)\C\코드테스트\코드테스트\test.c(83,60): error C2059: 구문 오류: ')'
C:\Users\khho1\OneDrive\사진\바탕 화면\LLM\chatgpt(동희)\C\코드테스트\코드테스트\test.c(92,28): error C2065: 'ID_EDIT_ZOOMIN': 선언되지 않은 식별자입니다.
C:\Users\khho1\OneDrive\사진\바탕 화면\LLM\chatgpt(동희)\C\코드테스트\코드테스트\test.c(95,29): error C2065: 'ID_EDIT_ZOOMOUT': 선언되지 않은 식별자입니다.
C:\Users\khho1\OneDrive\사진\바탕 화면\LLM\chatgpt(동희)\C\코드테스트\코드테스트\test.c(98,30): error C2065: 'ID_EDIT_ROTATECW': 선언되지 않은 식별자입니다.
C:\Users\khho1\OneDrive\사진\바탕 화면\LLM\chatgpt(동희)\C\코드테스트\코드테스트\test.c(101,31): error C2065: 'ID_EDIT_ROTATECCW': 선언되지 않은 식별자입니다.
C:\Users\khho1\OneDrive\사진\바탕 화면\LLM\chatgpt(동희)\C\코드테스트\코드테스트\test.c(111,21): error C2065: 'pBitmap': 선언되지 않은 식별자입니다.
C:\Users\khho1\OneDrive\사진\바탕 화면\LLM\chatgpt(동희)\C\코드테스트\코드테스트\test.c(111,21): warning C4047: '!=': 'int'의 간접 참조 수준이 'void *'과(와) 다릅니다.
C:\Users\khho1\OneDrive\사진\바탕 화면\LLM\chatgpt(동희)\C\코드테스트\코드테스트\test.c(76,9): error C2051: case 식이 상수가 아닙니다.
C:\Users\khho1\OneDrive\사진\바탕 화면\LLM\chatgpt(동희)\C\코드테스트\코드테스트\test.c(92,9): error C2051: case 식이 상수가 아닙니다.
C:\Users\khho1\OneDrive\사진\바탕 화면\LLM\chatgpt(동희)\C\코드테스트\코드테스트\test.c(95,9): error C2051: case 식이 상수가 아닙니다.
C:\Users\khho1\OneDrive\사진\바탕 화면\LLM\chatgpt(동희)\C\코드테스트\코드테스트\test.c(98,9): error C2051: case 식이 상수가 아닙니다.
C:\Users\khho1\OneDrive\사진\바탕 화면\LLM\chatgpt(동희)\C\코드테스트\코드테스트\test.c(101,9): error C2051: case 식이 상수가 아닙니다.
C:\Users\khho1\OneDrive\사진\바탕 화면\LLM\chatgpt(동희)\C\코드테스트\코드테스트\test.c(105,9): error C2043: break가 잘못되었습니다.
C:\Users\khho1\OneDrive\사진\바탕 화면\LLM\chatgpt(동희)\C\코드테스트\코드테스트\test.c(107,5): error C2046: 대/소문자가 잘못되었습니다.
C:\Users\khho1\OneDrive\사진\바탕 화면\LLM\chatgpt(동희)\C\코드테스트\코드테스트\test.c(116,5): error C2043: break가 잘못되었습니다.
C:\Users\khho1\OneDrive\사진\바탕 화면\LLM\chatgpt(동희)\C\코드테스트\코드테스트\test.c(118,5): error C2046: 대/소문자가 잘못되었습니다.
C:\Users\khho1\OneDrive\사진\바탕 화면\LLM\chatgpt(동희)\C\코드테스트\코드테스트\test.c(120,9): error C2043: break가 잘못되었습니다.
C:\Users\khho1\OneDrive\사진\바탕 화면\LLM\chatgpt(동희)\C\코드테스트\코드테스트\test.c(122,5): error C2047: 기본값이 잘못되었습니다.
C:\Users\khho1\OneDrive\사진\바탕 화면\LLM\chatgpt(동희)\C\코드테스트\코드테스트\test.c(126,5): error C2059: 구문 오류: 'return'
C:\Users\khho1\OneDrive\사진\바탕 화면\LLM\chatgpt(동희)\C\코드테스트\코드테스트\test.c(127,1): error C2059: 구문 오류: '}'
C:\Users\khho1\OneDrive\사진\바탕 화면\LLM\chatgpt(동희)\C\코드테스트\코드테스트\test.c(144,19): error C2065: 'pGraphics': 선언되지 않은 식별자입니다.
C:\Users\khho1\OneDrive\사진\바탕 화면\LLM\chatgpt(동희)\C\코드테스트\코드테스트\test.c(144,19): warning C4047: '==': 'int'의 간접 참조 수준이 'void *'과(와) 다릅니다.
C:\Users\khho1\OneDrive\사진\바탕 화면\LLM\chatgpt(동희)\C\코드테스트\코드테스트\test.c(145,19): error C2065: 'pGraphics': 선언되지 않은 식별자입니다.
C:\Users\khho1\OneDrive\사진\바탕 화면\LLM\chatgpt(동희)\C\코드테스트\코드테스트\test.c(145,25): error C2065: 'new': 선언되지 않은 식별자입니다.
C:\Users\khho1\OneDrive\사진\바탕 화면\LLM\chatgpt(동희)\C\코드테스트\코드테스트\test.c(145,25): error C2146: 구문 오류: ';'이(가) 'Gdiplus' 식별자 앞에 없습니다.
C:\Users\khho1\OneDrive\사진\바탕 화면\LLM\chatgpt(동희)\C\코드테스트\코드테스트\test.c(145,33): error C2143: 구문 오류: ';'이(가) ':' 앞에 없습니다.
C:\Users\khho1\OneDrive\사진\바탕 화면\LLM\chatgpt(동희)\C\코드테스트\코드테스트\test.c(148,17): error C2065: 'pBitmap': 선언되지 않은 식별자입니다.
C:\Users\khho1\OneDrive\사진\바탕 화면\LLM\chatgpt(동희)\C\코드테스트\코드테스트\test.c(148,17): warning C4047: '!=': 'int'의 간접 참조 수준이 'void *'과(와) 다릅니다.
C:\Users\khho1\OneDrive\사진\바탕 화면\LLM\chatgpt(동희)\C\코드테스트\코드테스트\test.c(149,18): error C2065: 'pGraphics': 선언되지 않은 식별자입니다.
C:\Users\khho1\OneDrive\사진\바탕 화면\LLM\chatgpt(동희)\C\코드테스트\코드테스트\test.c(149,18): error C1003: 오류 수가 100개를 초과했습니다. 컴파일을 중지합니다.
